<?xml version="1.0" encoding="UTF-8"?>
<!-- Generated by org.testng.reporters.JUnitXMLReporter -->
<testsuite ignored="0" hostname="SANKOJU" failures="1" tests="20" name="Default test" time="75.279" errors="0" timestamp="2024-04-23T22:16:31 IST">
  <testcase classname="SauceDemo.TestNG_SauceDemo" name="VerifyInValidCredSignIn" time="2.315"/>
  <testcase classname="SauceDemo.TestNG_SauceDemo" name="VerifySignIn" time="0.393"/>
  <testcase classname="SauceDemo.TestNG_SauceDemo" name="VerifyListOfProducts" time="0.114"/>
  <testcase classname="SauceDemo.TestNG_SauceDemo" name="VerifyByClickingOntheProducts" time="0.778"/>
  <testcase classname="SauceDemo.TestNG_SauceDemo" name="VerifyAddToCart" time="0.117"/>
  <testcase classname="SauceDemo.TestNG_SauceDemo" name="VerifyRemoveFromCart" time="0.128"/>
  <testcase classname="SauceDemo.TestNG_SauceDemo" name="VerifyHamburgerMenu" time="0.097"/>
  <testcase classname="SauceDemo.TestNG_SauceDemo" name="VerifyAboutInSidbar" time="10.279"/>
  <testcase classname="SauceDemo.TestNG_SauceDemo" name="VerifyFilterByOptions" time="0.387"/>
  <testcase classname="SauceDemo.TestNG_SauceDemo" name="VerifyCartOption" time="0.807"/>
  <testcase classname="SauceDemo.TestNG_SauceDemo" name="VerifyPageScrolling" time="0.022"/>
  <testcase classname="SauceDemo.TestNG_SauceDemo" name="VerifyScreenshot" time="0.412"/>
  <testcase classname="SauceDemo.TestNG_SauceDemo" name="VerifyPageTitle" time="0.013"/>
  <testcase classname="SauceDemo.TestNG_SauceDemo" name="VerifyRequestDemo" time="9.971"/>
  <testcase classname="SauceDemo.TestNG_SauceDemo" name="VerifyFooterlinks" time="0.444"/>
  <testcase classname="SauceDemo.TestNG_SauceDemo" name="VerifyCookiesLink" time="0.398"/>
  <testcase classname="SauceDemo.TestNG_SauceDemo" name="VerifySIgnIn" time="0.529"/>
  <testcase classname="SauceDemo.TestNG_SauceDemo" name="VerifyTryitFreeButton" time="22.432"/>
  <testcase classname="SauceDemo.TestNG_SauceDemo" name="VerifySearchIcon" time="1.858"/>
  <testcase classname="SauceDemo.TestNG_SauceDemo" name="VerifyLogout" time="20.544">
    <failure type="org.openqa.selenium.TimeoutException" message="Expected condition failed: waiting for element to be clickable: By.xpath: //*[@id=&amp;quot;logout_sidebar_link&amp;quot;] (tried for 20 second(s) with 500 milliseconds interval)
Build info: version: &amp;apos;4.19.1&amp;apos;, revision: &amp;apos;abe0ee07dc&amp;apos;
System info: os.name: &amp;apos;Windows 11&amp;apos;, os.arch: &amp;apos;amd64&amp;apos;, os.version: &amp;apos;10.0&amp;apos;, java.version: &amp;apos;21.0.2&amp;apos;
Driver info: org.openqa.selenium.chrome.ChromeDriver
Capabilities {acceptInsecureCerts: false, browserName: chrome, browserVersion: 124.0.6367.60, chrome: {chromedriverVersion: 124.0.6367.60 (8771130bd84f..., userDataDir: C:\Users\amani\AppData\Loca...}, fedcm:accounts: true, goog:chromeOptions: {debuggerAddress: localhost:56491}, networkConnectionEnabled: false, pageLoadStrategy: normal, platformName: windows, proxy: Proxy(), se:cdp: ws://localhost:56491/devtoo..., se:cdpVersion: 124.0.6367.60, setWindowRect: true, strictFileInteractability: false, timeouts: {implicit: 0, pageLoad: 300000, script: 30000}, unhandledPromptBehavior: dismiss and notify, webauthn:extension:credBlob: true, webauthn:extension:largeBlob: true, webauthn:extension:minPinLength: true, webauthn:extension:prf: true, webauthn:virtualAuthenticators: true}
Session ID: c6547fcb6ab287bc558ac796fdee232e">
      <![CDATA[org.openqa.selenium.TimeoutException: Expected condition failed: waiting for element to be clickable: By.xpath: //*[@id="logout_sidebar_link"] (tried for 20 second(s) with 500 milliseconds interval)
Build info: version: '4.19.1', revision: 'abe0ee07dc'
System info: os.name: 'Windows 11', os.arch: 'amd64', os.version: '10.0', java.version: '21.0.2'
Driver info: org.openqa.selenium.chrome.ChromeDriver
Capabilities {acceptInsecureCerts: false, browserName: chrome, browserVersion: 124.0.6367.60, chrome: {chromedriverVersion: 124.0.6367.60 (8771130bd84f..., userDataDir: C:\Users\amani\AppData\Loca...}, fedcm:accounts: true, goog:chromeOptions: {debuggerAddress: localhost:56491}, networkConnectionEnabled: false, pageLoadStrategy: normal, platformName: windows, proxy: Proxy(), se:cdp: ws://localhost:56491/devtoo..., se:cdpVersion: 124.0.6367.60, setWindowRect: true, strictFileInteractability: false, timeouts: {implicit: 0, pageLoad: 300000, script: 30000}, unhandledPromptBehavior: dismiss and notify, webauthn:extension:credBlob: true, webauthn:extension:largeBlob: true, webauthn:extension:minPinLength: true, webauthn:extension:prf: true, webauthn:virtualAuthenticators: true}
Session ID: c6547fcb6ab287bc558ac796fdee232e
at org.openqa.selenium.support.ui.WebDriverWait.timeoutException(WebDriverWait.java:84)
at org.openqa.selenium.support.ui.FluentWait.until(FluentWait.java:228)
at SauceDemo.TC_20_Logout.LogoutOption(TC_20_Logout.java:22)
at SauceDemo.TestNG_SauceDemo.VerifyLogout(TestNG_SauceDemo.java:122)
at java.base/jdk.internal.reflect.DirectMethodHandleAccessor.invoke(DirectMethodHandleAccessor.java:103)
at java.base/java.lang.reflect.Method.invoke(Method.java:580)
at org.testng.internal.MethodInvocationHelper.invokeMethod(MethodInvocationHelper.java:133)
at org.testng.internal.TestInvoker.invokeMethod(TestInvoker.java:598)
at org.testng.internal.TestInvoker.invokeTestMethod(TestInvoker.java:173)
at org.testng.internal.MethodRunner.runInSequence(MethodRunner.java:46)
at org.testng.internal.TestInvoker$MethodInvocationAgent.invoke(TestInvoker.java:824)
at org.testng.internal.TestInvoker.invokeTestMethods(TestInvoker.java:146)
at org.testng.internal.TestMethodWorker.invokeTestMethods(TestMethodWorker.java:146)
at org.testng.internal.TestMethodWorker.run(TestMethodWorker.java:128)
at java.base/java.util.ArrayList.forEach(ArrayList.java:1596)
at org.testng.TestRunner.privateRun(TestRunner.java:794)
at org.testng.TestRunner.run(TestRunner.java:596)
at org.testng.SuiteRunner.runTest(SuiteRunner.java:377)
at org.testng.SuiteRunner.runSequentially(SuiteRunner.java:371)
at org.testng.SuiteRunner.privateRun(SuiteRunner.java:332)
at org.testng.SuiteRunner.run(SuiteRunner.java:276)
at org.testng.SuiteRunnerWorker.runSuite(SuiteRunnerWorker.java:53)
at org.testng.SuiteRunnerWorker.run(SuiteRunnerWorker.java:96)
at org.testng.TestNG.runSuitesSequentially(TestNG.java:1212)
at org.testng.TestNG.runSuitesLocally(TestNG.java:1134)
at org.testng.TestNG.runSuites(TestNG.java:1063)
at org.testng.TestNG.run(TestNG.java:1031)
at org.testng.remote.AbstractRemoteTestNG.run(AbstractRemoteTestNG.java:115)
at org.testng.remote.RemoteTestNG.initAndRun(RemoteTestNG.java:251)
at org.testng.remote.RemoteTestNG.main(RemoteTestNG.java:77)
]]>
    </failure>
  </testcase> <!-- VerifyLogout -->
</testsuite> <!-- Default test -->
